Build started 1/9/2018 9:25:33 AM.
     1>Project "C:\Users\Erik\Documents\Visual Studio 2013\Projects\circularFlashLogLib\circularFlashLogLib\circularFlashLogLib.vcxproj" on node 2 (Build target(s)).
     1>InitializeBuildStatus:
         Touching "Debug\circular.D5AFB179.tlog\unsuccessfulbuild".
       ClCompile:
         All outputs are up-to-date.
         C:\Program Files (x86)\Microsoft Visual Studio 12.0\VC\bin\CL.exe /c /I"C:\Program Files (x86)\Visual Leak Detector\include" /ZI /nologo /W3 /WX- /sdl /Od /Oy- /D WIN32 /D _DEBUG /D _CONSOLE /D _LIB /D _CRT_SECURE_NO_WARNINGS /D _UNICODE /D UNICODE /Gm /EHsc /RTC1 /MDd /GS /fp:precise /Zc:wchar_t /Zc:forScope /Fo"Debug\\" /Fd"Debug\vc120.pdb" /Gd /TC /analyze- /errorReport:prompt circularflash.c
         circularflash.c
         C:\Program Files (x86)\Microsoft Visual Studio 12.0\VC\bin\CL.exe /c /I"C:\Program Files (x86)\Visual Leak Detector\include" /ZI /nologo /W3 /WX- /sdl /Od /Oy- /D WIN32 /D _DEBUG /D _CONSOLE /D _LIB /D _CRT_SECURE_NO_WARNINGS /D _UNICODE /D UNICODE /Gm /EHsc /RTC1 /MDd /GS /fp:precise /Zc:wchar_t /Zc:forScope /Fo"Debug\\" /Fd"Debug\vc120.pdb" /Gd /TP /analyze- /errorReport:prompt circularFlashLogLib.cpp stdafx.cpp
         stdafx.cpp
         circularFlashLogLib.cpp
     1>c:\users\erik\documents\visual studio 2013\projects\circularflashloglib\circularflashloglib\circularflashloglib.cpp(66): warning C4101: 'rem' : unreferenced local variable
     1>c:\users\erik\documents\visual studio 2013\projects\circularflashloglib\circularflashloglib\circularflashloglib.cpp(81): warning C4101: 'index' : unreferenced local variable
     1>c:\users\erik\documents\visual studio 2013\projects\circularflashloglib\circularflashloglib\circularflashloglib.cpp(81): warning C4101: 'remaining' : unreferenced local variable
         Generating Code...
       Link:
         C:\Program Files (x86)\Microsoft Visual Studio 12.0\VC\bin\link.exe /ERRORREPORT:PROMPT /OUT:"C:\Users\Erik\Documents\Visual Studio 2013\Projects\circularFlashLogLib\Debug\circularFlashLogLib.exe" /INCREMENTAL /NOLOGO /LIBPATH:"C:\Program Files (x86)\Visual Leak Detector\lib\Win32" kernel32.lib user32.lib gdi32.lib winspool.lib comdlg32.lib advapi32.lib shell32.lib ole32.lib oleaut32.lib uuid.lib odbc32.lib odbccp32.lib /MANIFEST /MANIFESTUAC:"level='asInvoker' uiAccess='false'" /manifest:embed /DEBUG /PDB:"C:\Users\Erik\Documents\Visual Studio 2013\Projects\circularFlashLogLib\Debug\circularFlashLogLib.pdb" /SUBSYSTEM:CONSOLE /TLBID:1 /DYNAMICBASE /NXCOMPAT /IMPLIB:"C:\Users\Erik\Documents\Visual Studio 2013\Projects\circularFlashLogLib\Debug\circularFlashLogLib.lib" /MACHINE:X86 Debug\circularflash.obj
         Debug\circularFlashLogLib.obj
         Debug\stdafx.obj
         circularFlashLogLib.vcxproj -> C:\Users\Erik\Documents\Visual Studio 2013\Projects\circularFlashLogLib\Debug\circularFlashLogLib.exe
       FinalizeBuildStatus:
         Deleting file "Debug\circular.D5AFB179.tlog\unsuccessfulbuild".
         Touching "Debug\circular.D5AFB179.tlog\circularFlashLogLib.lastbuildstate".
     1>Done Building Project "C:\Users\Erik\Documents\Visual Studio 2013\Projects\circularFlashLogLib\circularFlashLogLib\circularFlashLogLib.vcxproj" (Build target(s)).

Build succeeded.

Time Elapsed 00:00:00.34
